00000000 a __dldi_lma
00000000 a __end__
00000000 A __sync_synchronize
01ff8000 t __itcm_start
01ff8038 00000018 T __excpt_vectors
01ff8050 00000088 t threadReschedule
01ff80d8 000000d4 T threadBlock
01ff81ac 000000c0 T threadUnblockOneByValue
01ff826c 00000144 T threadUnblockAllByValue
01ff83b0 00000134 T threadUnblockAllByMask
01ff84e4 0000002c T armContextSave
01ff8510 00000020 T armContextLoad
01ff8514 T armContextLoadFromSvc
01ff8530 00000008 T armWaitForIrq
01ff8538 00000004 t __arm_excpt_rst
01ff853c 00000004 t __arm_excpt_pabt
01ff8540 0000000c t __arm_excpt_und
01ff854c 0000000c t __arm_excpt_dabt
01ff8558 00000030 t __excpt_entry
01ff8588 000000e4 t __arm_excpt_irq
01ff866c 0000000c T armDrainWriteBuffer
01ff8678 00000028 T armDCacheFlushAll
01ff86a0 0000000c T armICacheInvalidateAll
01ff86ac t __itcm_end
02001000 t __crt0_start
02001000 00000020 t __ds9_bootstub_trampoline
02001020 00000074 T crt0ProcessLoadList
02001094 00000150 T crt0Startup
020011e4 0000004c T crt0CopyMem32
02001230 00000058 T crt0FillMem32
02001288 000000b4 T crt0SetupMPU
02001340 t __crt0_end
02001340 t __main_start
02001340 T _init
02001358 00000030 T exit
02001388 00000530 T main
020018b8 t __do_global_dtors_aux
020018f8 t frame_dummy
02001928 00000288 t CheckInput
02001bb0 000000ec t RenderBorders
02001c9c 000001ac t Loose
02001e48 000000dc t newRow
02001f24 00000010 T consoleSelect
02001f34 000000e0 T consolePrintChar
02002014 00000320 T con_write
02002334 00000314 T consoleLoadFont
02002648 0000018c T consoleInit
020027d4 0000006c T scanKeys
02002840 00000010 T keysDown
02002850 0000006c T checkIfText
020028bc 000000f4 T bgUpdate
020029b0 000000b0 T bgInit_call
02002a60 000000b8 T bgInitSub_call
02002b18 0000004c T sinLutLookup
02002b64 00000038 T sinLerp
02002b9c 00000048 T cosLerp
02002be4 00000098 T threadExit
02002c7c 00000010 t _threadTickTask
02002c8c 00000098 T _threadInit
02002d24 00000098 T threadPrepare
02002dbc 000000c0 T threadStart
02002e7c 00000098 T threadIrqWait
02002f14 00000058 T threadSleepTicks
02002f6c 00000028 T keypadGetState
02002f94 00000058 T touchRead
02002fec 0000001c t _tickCountIsr
02003008 00000098 t _tickTaskSchedule.part.0.isra.0
020030a0 0000008c T tickInit
0200312c 0000006c T tickGetCount
02003198 00000110 t _tickTaskIsr
020032a8 0000011c T tickTaskStart
020033c4 00000014 T __syscall_getreent
020033d8 00000024 T __errno
020033fc 00000004 T __syscall_lock_acquire
02003400 00000004 T __syscall_lock_release
02003404 00000040 T __syscall_lock_acquire_recursive
02003444 00000018 T __syscall_lock_release_recursive
0200345c 00000004 t _pxiMailboxHandler
02003460 00000004 W _pxiRecvUnhandled
02003464 00000154 t _pxiRecvIrqHandler
020035b8 00000058 T _pxiInit
02003610 00000074 T pxiSetHandler
02003684 00000068 T pxiSetMailbox
020036ec 00000038 T pxiWaitRemote
02003724 00000050 T pxiSendPacket
02003774 00000004 W systemUserStartup
02003778 00000104 W systemStartup
0200387c 00000064 T irqSet
020038e0 000001c4 t threadUpdateDynamicPrio
02003aa4 000001a8 t threadRemoveWaiter
02003c4c 00000144 T mutexLock
02003d90 000000bc T mutexUnlock
02003e4c 0000009c T mailboxTrySend
02003ee8 0000008c T mailboxRecv
02003f74 00000040 t _pmCallEventHandlers
02003fb4 000000a0 t _pmPxiThreadMain
02004054 00000028 t _pmResetPxiHandler
0200407c 00000004 W systemUserExit
02004080 00000004 W systemErrorExit
02004084 00000138 T __syscall_exit
020041bc 00000058 T pmInit
02004214 T __aeabi_idiv
02004214 00000128 T __divsi3
0200421c t .divsi3_skip_div0_test
0200433c 00000020 T __aeabi_idivmod
0200435c 00000004 W __aeabi_idiv0
0200435c 00000004 W __aeabi_ldiv0
02004360 T __aeabi_uldivmod
0200439c 00000128 T __udivmoddi4
020044c4 00000028 T __clzdi2
020044ec 00000048 T __clzsi2
02004534 00000048 T rand
0200457c 00000078 T siscanf
020045f4 0000004c T __sread
02004640 00000008 T __seofread
02004648 0000006c T __swrite
020046b4 00000048 T __sseek
020046fc 00000014 T __sclose
02004710 000007c8 T _malloc_r
02004990 a __crt0_lma
02004cd0 a __itcm_lma
02004cd0 a __loadlist_lma
02004ed8 00000100 T _malloc_trim_r
02004fd8 000002e8 T _free_r
020052c0 00000298 T setvbuf
02005558 0000003c T malloc
02005594 0000001c T free
020055b0 00000130 T memcpy
020056e0 00000100 T memset
020057e0 00000018 T __malloc_lock
020057f8 00000018 T __malloc_unlock
02005810 00000010 W __call_exitprocs
02005820 00000034 T iprintf
02005854 00000090 T __libc_init_array
020058e4 00000244 T __sflush_r
02005b28 0000009c T _fflush_r
02005bc4 00000060 T strlen
02005c24 000005ec t get_arg
02006210 0000229c T _vfiprintf_r
020084ac 000000bc t __sbprintf
02008568 00000168 T _memalign_r
020086d0 000000e4 T memchr
020087b4 00000054 t get_arg
02008808 000000e4 T _sungetc_r
020088ec 00000068 T __ssrefill_r
02008954 000000c8 T _sfread_r
02008a1c 000022a8 T __ssvfiscanf_r
0200acc4 000001e8 t _strtoul_l.isra.0
0200aeac 00000030 T _strtoul_r
0200aedc 00000044 T __libc_fini_array
0200af20 00000034 T __sprint_r
0200af54 00000014 T iswspace
0200af68 000000e4 T __sccl
0200b04c 00000028 T _localeconv_r
0200b074 0000014c T __smakebuf_r
0200b1c0 00000080 T __swhatbuf_r
0200b240 00000024 T realloc
0200b264 00000028 t stdio_exit_handler
0200b28c 00000054 t cleanup_stdio
0200b2e0 00000158 t global_stdio_init.part.0
0200b438 00000064 T __sinit
0200b49c 00000018 T __sfp_lock_acquire
0200b4b4 00000018 T __sfp_lock_release
0200b4cc 000000ac T _wcrtomb_r
0200b578 00000348 t _strtol_l.part.0
0200b8c0 00000064 T _strtol_r
0200b924 000004c0 T _realloc_r
0200bde4 00000078 T _fwalk_sglue
0200be5c 000000d0 T strncpy
0200bf2c 00000268 t _strtoull_l.isra.0
0200c194 00000030 T _strtoull_r
0200c1c4 0000002c T _wcsrtombs_r
0200c1f0 000000c0 T _mbrtowc_r
0200c2b0 00000194 T __swsetup_r
0200c444 000000a8 T __submore
0200c4ec 00000164 T memmove
0200c650 00000040 T iswspace_l
0200c690 00000490 T __sfvwrite_r
0200cb20 0000049c t _strtoll_l.isra.0
0200cfbc 00000030 T _strtoll_r
0200cfec 00000028 T __locale_mb_cur_max
0200d014 00000170 T _wcsnrtombs_l
0200d184 00000068 T _wcsnrtombs_r
0200d1ec 00000334 T __utf8_mbtowc
0200d520 00000150 T _fclose_r
0200d670 00000098 T category
0200d708 000000f4 T __utf8_wctomb
0200d7fc 00000020 T _exit
0200d81c 0000008c T _fstat_r
0200d8a8 00000030 T __getreent
0200d8d8 00000040 T __get_handle
0200d918 000000fc T _close_r
0200da14 00000008 t null_write
0200da1c 00000008 T _isatty_r
0200da24 00000090 T _lseek_r
0200dab4 0000008c T _read_r
0200db40 00000078 W _sbrk_r
0200dbb8 00000020 T __libc_lock_acquire
0200dbd8 00000020 T __libc_lock_release
0200dbf8 00000020 T __libc_lock_acquire_recursive
0200dc18 00000020 T __libc_lock_release_recursive
0200dc38 0000008c T _write_r
0200dcc4 t .udivsi3_skip_div0_test
0200dcc4 T __aeabi_uidiv
0200dcc4 000000f4 T __udivsi3
0200ddb8 00000020 T __aeabi_uidivmod
0200ddd8 T _fini
0200e04c 00000080 t dotab_stdout
0200e0cc T default_font_bin
0200e8cc T default_font_bin_end
0200e8cc 00000102 T SIN_LUT
0200eae4 00000010 t zeroes.0
0200eaf4 00000010 t blanks.1
0200eb84 00000022 t basefix.0
0200eba8 00000101 T _ctype_
0200ecac 0000006c T __action_table
0200ed18 0000006c T __state_table
0200ed84 00000100 T __chclass
0200ee84 000035dc t categories
02012460 00000080 T dotab_stdnull
020124e0 00000004 D SnakeLength
020124e4 00000004 D Lifes
020124e8 00000004 D VSnakeX
020124ec 00000004 D SnakeY
020124f0 00000004 D SnakeX
020124f4 00000001 D GenBall
020124f5 00000001 d firstConsoleInit.0
020124f8 00000004 D currentConsole
020124fc 0000005c D defaultConsole
02012558 00000001 d count
02012559 00000001 d repeat
0201255a 00000001 d delay
0201255c 00000020 D bgTransform
0201257c 00000020 D bgScrollTable
0201259c 00000020 D bgControl
020125bc 00000004 D __malloc_sbrk_base
020125c0 00000004 D __malloc_trim_threshold
020125c8 00000408 D __malloc_av_
020129d0 00000004 D _impure_ptr
020129d8 00000120 D _impure_data
02012af8 0000000c D __sglue
02012b04 0000016c D __global_locale
02012c70 00001000 d handles
02013c70 0000000c d __stderr_handle
02013c7c 0000000c d __stdout_handle
02013c88 0000000c d __stdin_handle
02013c94 0000008c D devoptab_list
02013d20 r __EH_FRAME_BEGIN__
02013d20 r __FRAME_END__
02013d24 r __tls_info
02013d30 d __frame_dummy_init_array_entry
02013d30 d __init_array_start
02013d30 d __preinit_array_end
02013d30 d __preinit_array_start
02013d34 d __do_global_dtors_aux_fini_array_entry
02013d34 d __fini_array_start
02013d34 d __init_array_end
02013d38 d __fini_array_end
02013d38 d __main_end
02013d38 ? __tls_end
02013d38 ? __tls_start
02013d38 b completed.1
02013d3c b object.0
02013d58 0000bb80 B SnakePOSbuffer
02017d74 a __loadlist_start
02017da4 a __loadlist_end
0201f8d8 00000004 B counter
0201f8dc 00000004 B Score
0201f8e0 00000004 B VSnakeY
0201f8e4 00000004 B ANSBallY
0201f8e8 00000004 B ANSBallX
0201f8ec 00000004 B BallY
0201f8f0 00000004 B BallX
0201f8f4 00000001 B BallEaten
0201f8f5 00000001 B PressedButton
0201f8f6 00000001 B Start
0201f8f7 00000001 B Resume
0201f8f8 0000005c B bottomScreen
0201f954 0000005c B topScreen
0201f9b0 0000005c B currentCopy
0201fa0c 00000002 b keysrepeat
0201fa10 00000004 b s_keypad
0201fa14 00000008 B bgIsTextLut
0201fa1c 00000140 B bgState
0201fb5c 00000008 b s_sleepThreads
0201fb64 00000008 b s_joinThreads
0201fb6c 00000070 b s_idleThread
0201fbdc 00000070 b s_mainThread
0201fc4c 00000004 b s_firstTask
0201fc50 00000008 b s_highTickCount
0201fc58 00000001 b s_tickInit
0201fc5c 00000004 b s_defaultErrno.0
0201fc60 00000001 B g_isTwlMode
0201fc64 000001f0 b s_pxiChannels
0201fe54 00000004 b s_pxiRecvState
0201fe58 00000008 b s_pxiRecvQueue
0201fe60 00000004 b s_pxiSendMutex
0201fe64 00000008 b s_mailboxRecvQueue
0201fe70 00000200 b s_pmPxiThreadStack
02020070 00000070 b s_pmPxiThread
020200e0 00000008 b s_pmState
020200e8 00000028 B __malloc_current_mallinfo
02020110 00000004 B __malloc_max_total_mem
02020114 00000004 B __malloc_max_sbrked_mem
02020118 00000004 B __malloc_top_pad
0202011c 0000000c b __malloc_recursive_mutex
02020128 0000000c b __sfp_recursive_mutex
02020138 00000168 B __sf
020202a0 00000004 B __stdio_exit_handler
020202a4 00000004 b __hndl_lock
020202a8 00000004 B fake_heap_start
020202ac 00000004 B fake_heap_end
020202b0 00000004 b heap_start.0
020202b4 b __heap_start_ntr
020202b4 b __main_bss_end
020202c0 r __heap_start_twl
020202c0 ? __twl_bss_end
020202c0 ? __twl_end
020202c0 ? __twl_start
02400000 a __twl_lma
02400000 a __twl_loadlist_lma
02400000 a __twl_loadlist_start
0240000c a __twl_loadlist_end
02ff0000 ? __dtcm_end
02ff0000 ? __dtcm_start
02ff0000 00000080 B __irq_table
02ff0080 00000018 B __sched_state
02ff0098 b __dtcm_bss_end
02ff3e80 d __sp_usr
02ff3f80 a __sp_irq
02ff3fc0 a __sp_svc
02ff3ff8 a __irq_flags
0e000800 00000190 T __ds9_bootstub
ffff0008 a __arm_excpt_svc
